<?xml version="1.0" encoding="UTF-8"?>
<<<<<<< HEAD
<testsuite name="it.uniba.example.db.test.LocalDatabaseConnectionTest" tests="1" skipped="1" failures="0" errors="0" timestamp="2019-05-31T13:41:39" hostname="host-3c-54-12-7a" time="0.0">
=======
<<<<<<< HEAD
<testsuite name="it.uniba.example.db.test.LocalDatabaseConnectionTest" tests="1" skipped="1" failures="0" errors="0" timestamp="2019-05-31T08:22:33" hostname="LAPTOP-155BODB5" time="0.0">
=======
<testsuite name="it.uniba.example.db.test.LocalDatabaseConnectionTest" tests="1" skipped="1" failures="0" errors="0" timestamp="2019-05-31T08:22:07" hostname="LAPTOP-9OEVE5N9" time="0.001">
>>>>>>> 75757dc46a84abc72d4595a806fc7a413fe5bf1f
>>>>>>> da7f5c32a3e385c01ddc42bab44a4fef9c80ab63
  <properties/>
  <testcase name="testSomething()" classname="it.uniba.example.db.test.LocalDatabaseConnectionTest" time="0.001">
    <skipped/>
  </testcase>
  <system-out><![CDATA[]]></system-out>
  <system-err><![CDATA[]]></system-err>
</testsuite>
