<?xml version="1.0" encoding="UTF-8"?>
<testsuite name="it.uniba.example.utils.test.StringUtilsTest" tests="7" skipped="1" failures="0" errors="0" timestamp="2019-05-31T11:54:07" hostname="host-3c-54-12-7a" time="0.221">
  <properties/>
  <testcase name="testConvertToDoubleWithNullArgument()" classname="it.uniba.example.utils.test.StringUtilsTest" time="0.018"/>
  <testcase name="testIsNullOrBlankOK()" classname="it.uniba.example.utils.test.StringUtilsTest" time="0.029"/>
  <testcase name="testConcatWithAllNullInput()" classname="it.uniba.example.utils.test.StringUtilsTest" time="0.003">
    <skipped/>
  </testcase>
  <testcase name="Convert to double pass" classname="it.uniba.example.utils.test.StringUtilsTest" time="0.091"/>
  <testcase name="testConvertToDoubleThrowException()" classname="it.uniba.example.utils.test.StringUtilsTest" time="0.017"/>
  <testcase name="testConcatWithRegularInput()" classname="it.uniba.example.utils.test.StringUtilsTest" time="0.006"/>
  <testcase name="testConcatWithNullInput()" classname="it.uniba.example.utils.test.StringUtilsTest" time="0.005"/>
  <system-out><![CDATA[]]></system-out>
  <system-err><![CDATA[]]></system-err>
</testsuite>
