<?xml version="1.0" encoding="UTF-8"?>
<testsuite name="it.uniba.example.utils.test.MathUtilsTest" tests="2" skipped="0" failures="0" errors="0" timestamp="2019-05-31T13:41:40" hostname="host-3c-54-12-7a" time="0.523">
  <properties/>
  <testcase name="Testing sum of integers" classname="it.uniba.example.utils.test.MathUtilsTest" time="0.314"/>
  <testcase name="Testing division between integers" classname="it.uniba.example.utils.test.MathUtilsTest" time="0.2"/>
  <system-out><![CDATA[setUpAll
setUpEach
teadDownEach
setUpEach
teadDownEach
teadDownAll
]]></system-out>
  <system-err><![CDATA[]]></system-err>
</testsuite>
