<?xml version="1.0" encoding="UTF-8"?>
<testsuite name="it.uniba.example.utils.test.MathUtilsTest" tests="2" skipped="0" failures="0" errors="0" timestamp="2019-05-30T17:54:20" hostname="SonyVaio" time="0.053">
  <properties/>
  <testcase name="Testing sum of integers" classname="it.uniba.example.utils.test.MathUtilsTest" time="0.039"/>
  <testcase name="Testing division between integers" classname="it.uniba.example.utils.test.MathUtilsTest" time="0.013"/>
  <system-out><![CDATA[setUpAll
setUpEach
teadDownEach
setUpEach
teadDownEach
teadDownAll
]]></system-out>
  <system-err><![CDATA[]]></system-err>
</testsuite>
