<?xml version="1.0" encoding="UTF-8"?>
<<<<<<< HEAD
<testsuite name="it.uniba.example.utils.test.MathUtilsTest" tests="2" skipped="0" failures="0" errors="0" timestamp="2019-05-29T15:05:33" hostname="privato-PC" time="0.089">
  <properties/>
  <testcase name="Testing sum of integers" classname="it.uniba.example.utils.test.MathUtilsTest" time="0.069"/>
  <testcase name="Testing division between integers" classname="it.uniba.example.utils.test.MathUtilsTest" time="0.017"/>
=======
<testsuite name="it.uniba.example.utils.test.MathUtilsTest" tests="2" skipped="0" failures="0" errors="0" timestamp="2019-05-31T11:54:06" hostname="host-3c-54-12-7a" time="0.212">
  <properties/>
  <testcase name="Testing sum of integers" classname="it.uniba.example.utils.test.MathUtilsTest" time="0.129"/>
  <testcase name="Testing division between integers" classname="it.uniba.example.utils.test.MathUtilsTest" time="0.041"/>
>>>>>>> 85b778e71c406305fe1cad7ade3ad768abd7719d
  <system-out><![CDATA[setUpAll
setUpEach
teadDownEach
setUpEach
teadDownEach
teadDownAll
]]></system-out>
  <system-err><![CDATA[]]></system-err>
</testsuite>
