<?xml version="1.0" encoding="UTF-8"?>
<testsuite name="it.uniba.example.utils.test.StringUtilsTest" tests="7" skipped="1" failures="0" errors="0" timestamp="2019-05-30T17:54:20" hostname="SonyVaio" time="0.05">
  <properties/>
  <testcase name="testConvertToDoubleWithNullArgument()" classname="it.uniba.example.utils.test.StringUtilsTest" time="0.006"/>
  <testcase name="testIsNullOrBlankOK()" classname="it.uniba.example.utils.test.StringUtilsTest" time="0.004"/>
  <testcase name="testConcatWithAllNullInput()" classname="it.uniba.example.utils.test.StringUtilsTest" time="0.0">
    <skipped/>
  </testcase>
  <testcase name="Convert to double pass" classname="it.uniba.example.utils.test.StringUtilsTest" time="0.016"/>
  <testcase name="testConvertToDoubleThrowException()" classname="it.uniba.example.utils.test.StringUtilsTest" time="0.004"/>
  <testcase name="testConcatWithRegularInput()" classname="it.uniba.example.utils.test.StringUtilsTest" time="0.002"/>
  <testcase name="testConcatWithNullInput()" classname="it.uniba.example.utils.test.StringUtilsTest" time="0.002"/>
  <system-out><![CDATA[]]></system-out>
  <system-err><![CDATA[]]></system-err>
</testsuite>
